Debug: 2018/10/28 00:40:22 log.go:238: report timestamp to etcd
Debug: 2018/10/28 00:40:25 log.go:238: report timestamp to etcd
Debug: 2018/10/28 00:40:28 log.go:238: report timestamp to etcd
Debug: 2018/10/28 00:40:33 log.go:238: report etcd error, retry: 1, wait second: 2
Debug: 2018/10/28 00:40:36 log.go:238: report timestamp to etcd
Debug: 2018/10/28 00:40:41 log.go:238: report etcd error, retry: 2, wait second: 4
Debug: 2018/10/28 00:40:44 log.go:238: report timestamp to etcd
Debug: 2018/10/28 00:40:49 log.go:238: report etcd error, retry: 3, wait second: 8
Debug: 2018/10/28 00:40:52 log.go:238: report timestamp to etcd
Debug: 2018/10/28 00:40:57 log.go:238: report etcd error, retry: 4, wait second: 10
Debug: 2018/10/28 00:41:00 log.go:238: report timestamp to etcd
Debug: 2018/10/28 00:41:05 log.go:238: max retry, use local put
Debug: 2018/10/28 00:41:05 log.go:238: start reconnect etcd goroutine
Debug: 2018/10/28 00:41:08 log.go:238: put timestamp tp local
Debug: 2018/10/28 00:41:08 log.go:238: [reconnect goroutine]: reconnect etcd
Debug: 2018/10/28 00:41:08 log.go:238: report timestamp to etcd
Debug: 2018/10/28 00:41:11 log.go:238: put timestamp tp local
Debug: 2018/10/28 00:41:14 log.go:238: put timestamp tp local
Debug: 2018/10/28 00:41:16 log.go:238: [reconnect goroutine]: reconnect etcd
Debug: 2018/10/28 00:41:16 log.go:238: report timestamp to etcd
Debug: 2018/10/28 00:41:17 log.go:238: put timestamp tp local
Debug: 2018/10/28 00:41:20 log.go:238: put timestamp tp local
Debug: 2018/10/28 00:41:23 log.go:238: put timestamp tp local
Debug: 2018/10/28 00:41:24 log.go:238: [reconnect goroutine]: reconnect etcd
Debug: 2018/10/28 00:41:24 log.go:238: report timestamp to etcd
Debug: 2018/10/28 00:41:26 log.go:238: put timestamp tp local
Debug: 2018/10/28 00:41:29 log.go:238: put timestamp tp local
Debug: 2018/10/28 00:41:32 log.go:238: [reconnect goroutine]: reconnect etcd
Debug: 2018/10/28 00:41:32 log.go:238: report timestamp to etcd
Debug: 2018/10/28 00:41:32 log.go:238: put timestamp tp local
Debug: 2018/10/28 00:41:35 log.go:238: reconnect etcd success, start report timestamp to etcd
Debug: 2018/10/28 00:41:35 log.go:238: [reconnect goroutine]: reconnect etcd success
Debug: 2018/10/28 00:41:35 log.go:238: report timestamp to etcd
Debug: 2018/10/28 00:41:38 log.go:238: report timestamp to etcd
Debug: 2018/10/28 00:41:41 log.go:238: report timestamp to etcd
Debug: 2018/10/28 00:41:45 log.go:238: report timestamp to etcd
Debug: 2018/10/28 00:41:48 log.go:238: report timestamp to etcd
Debug: 2018/10/28 00:41:51 log.go:238: report timestamp to etcd
